--------------- Build Started: 07/04/2019 19:46:43 Project: LCD128x64, Configuration: ARM GCC 5.4-2016-q2-update Debug ---------------
The code generation step is up to date.
arm-none-eabi-gcc.exe -mcpu=cortex-m0 -mthumb -IC:\Users\john.schoenberger\Documents\PSoC_Creator\u8g2-master\csrc -I. -IGenerated_Source\PSoC4 -Wa,-alh=.\CortexM0\ARM_GCC_541\Debug/main.lst -g -D DEBUG -Wall -ffunction-sections -ffat-lto-objects -finline-functions -flto -Og -c main.c -o .\CortexM0\ARM_GCC_541\Debug\main.o
main.c: In function 'main':
main.c:140:11: warning: unused variable 'array' [-Wunused-variable]
     uint8 array[]              ={ 0x50, 0x6F, 0x77, 0x65, 0x72, 0x43, 0x79, 0x63, 0x6C, 0x65, 0x23, 0x20, 0x30, 0x00 };
           ^
main.c:137:31: warning: unused variable 'eepromArray' [-Wunused-variable]
     static const uint8 CYCODE eepromArray[]=
                               ^
In file included from console.h:18:0,
                 from main.c:16:
main.c: At top level:
utilities.h:21:16: warning: 's_formatBuffer' defined but not used [-Wunused-variable]
 static uint8_t s_formatBuffer[MAX_FORMAT_BUFFER_SIZE];
                ^
arm-none-eabi-ar.exe -rs .\CortexM0\ARM_GCC_541\Debug\LCD128x64.a .\CortexM0\ARM_GCC_541\Debug\CyCLK_48MHz.o .\CortexM0\ARM_GCC_541\Debug\MOSI.o .\CortexM0\ARM_GCC_541\Debug\MOSI_PM.o .\CortexM0\ARM_GCC_541\Debug\SPIMaster.o .\CortexM0\ARM_GCC_541\Debug\SPIMaster_PM.o .\CortexM0\ARM_GCC_541\Debug\SPIMaster_INT.o .\CortexM0\ARM_GCC_541\Debug\SCLK.o .\CortexM0\ARM_GCC_541\Debug\SCLK_PM.o .\CortexM0\ARM_GCC_541\Debug\Clock_SPI.o .\CortexM0\ARM_GCC_541\Debug\SS.o .\CortexM0\ARM_GCC_541\Debug\SS_PM.o .\CortexM0\ARM_GCC_541\Debug\CyFlash.o .\CortexM0\ARM_GCC_541\Debug\CyLib.o .\CortexM0\ARM_GCC_541\Debug\cyPm.o .\CortexM0\ARM_GCC_541\Debug\cyutils.o .\CortexM0\ARM_GCC_541\Debug\CyLFClk.o .\CortexM0\ARM_GCC_541\Debug\pin_DC.o .\CortexM0\ARM_GCC_541\Debug\pin_DC_PM.o .\CortexM0\ARM_GCC_541\Debug\pin_RES.o .\CortexM0\ARM_GCC_541\Debug\pin_RES_PM.o .\CortexM0\ARM_GCC_541\Debug\pin_CS.o .\CortexM0\ARM_GCC_541\Debug\pin_CS_PM.o .\CortexM0\ARM_GCC_541\Debug\UART_1.o .\CortexM0\ARM_GCC_541\Debug\UART_1_SPI_UART.o .\CortexM0\ARM_GCC_541\Debug\UART_1_SPI_UART_INT.o .\CortexM0\ARM_GCC_541\Debug\UART_1_PM.o .\CortexM0\ARM_GCC_541\Debug\UART_1_UART.o .\CortexM0\ARM_GCC_541\Debug\UART_1_BOOT.o .\CortexM0\ARM_GCC_541\Debug\UART_1_UART_BOOT.o .\CortexM0\ARM_GCC_541\Debug\UART_1_SCBCLK.o .\CortexM0\ARM_GCC_541\Debug\UART_1_tx.o .\CortexM0\ARM_GCC_541\Debug\UART_1_tx_PM.o .\CortexM0\ARM_GCC_541\Debug\UART_1_rx.o .\CortexM0\ARM_GCC_541\Debug\UART_1_rx_PM.o .\CortexM0\ARM_GCC_541\Debug\UART_RX_ISR.o .\CortexM0\ARM_GCC_541\Debug\v_EEPROM.o .\CortexM0\ARM_GCC_541\Debug\cy_em_eeprom.o .\CortexM0\ARM_GCC_541\Debug\CyBootAsmGnu.o
arm-none-eabi-ar.exe: creating .\CortexM0\ARM_GCC_541\Debug\LCD128x64.a
arm-none-eabi-gcc.exe -Wl,--start-group -o C:\Users\john.schoenberger\Documents\PSoC_Creator\LCD\Workspace01\LCD128x64.cydsn\CortexM0\ARM_GCC_541\Debug\LCD128x64.elf .\CortexM0\ARM_GCC_541\Debug\u8g2_bitmap.o .\CortexM0\ARM_GCC_541\Debug\u8g2_box.o .\CortexM0\ARM_GCC_541\Debug\u8g2_buffer.o .\CortexM0\ARM_GCC_541\Debug\u8g2_circle.o .\CortexM0\ARM_GCC_541\Debug\u8g2_cleardisplay.o .\CortexM0\ARM_GCC_541\Debug\u8g2_d_memory.o .\CortexM0\ARM_GCC_541\Debug\u8g2_d_setup.o .\CortexM0\ARM_GCC_541\Debug\u8g2_font.o .\CortexM0\ARM_GCC_541\Debug\u8g2_fonts.o .\CortexM0\ARM_GCC_541\Debug\u8g2_hvline.o .\CortexM0\ARM_GCC_541\Debug\u8g2_input_value.o .\CortexM0\ARM_GCC_541\Debug\u8g2_intersection.o .\CortexM0\ARM_GCC_541\Debug\u8g2_kerning.o .\CortexM0\ARM_GCC_541\Debug\u8g2_line.o .\CortexM0\ARM_GCC_541\Debug\u8g2_ll_hvline.o .\CortexM0\ARM_GCC_541\Debug\u8g2_message.o .\CortexM0\ARM_GCC_541\Debug\u8g2_polygon.o .\CortexM0\ARM_GCC_541\Debug\u8g2_selection_list.o .\CortexM0\ARM_GCC_541\Debug\u8g2_setup.o .\CortexM0\ARM_GCC_541\Debug\u8x8_8x8.o .\CortexM0\ARM_GCC_541\Debug\u8x8_byte.o .\CortexM0\ARM_GCC_541\Debug\u8x8_cad.o .\CortexM0\ARM_GCC_541\Debug\u8x8_d_a2printer.o .\CortexM0\ARM_GCC_541\Debug\u8x8_d_il3820_296x128.o .\CortexM0\ARM_GCC_541\Debug\u8x8_d_ist3020.o .\CortexM0\ARM_GCC_541\Debug\u8x8_d_ks0108.o .\CortexM0\ARM_GCC_541\Debug\u8x8_d_lc7981.o .\CortexM0\ARM_GCC_541\Debug\u8x8_d_ld7032_60x32.o .\CortexM0\ARM_GCC_541\Debug\u8x8_d_ls013b7dh03.o .\CortexM0\ARM_GCC_541\Debug\u8x8_d_max7219.o .\CortexM0\ARM_GCC_541\Debug\u8x8_d_pcd8544_84x48.o .\CortexM0\ARM_GCC_541\Debug\u8x8_d_pcf8812.o .\CortexM0\ARM_GCC_541\Debug\u8x8_d_sbn1661.o .\CortexM0\ARM_GCC_541\Debug\u8x8_d_sed1330.o .\CortexM0\ARM_GCC_541\Debug\u8x8_d_ssd1305.o .\CortexM0\ARM_GCC_541\Debug\u8x8_d_ssd1306_64x32.o .\CortexM0\ARM_GCC_541\Debug\u8x8_d_ssd1306_64x48.o .\CortexM0\ARM_GCC_541\Debug\u8x8_d_ssd1306_96x16.o .\CortexM0\ARM_GCC_541\Debug\u8x8_d_ssd1306_128x32.o .\CortexM0\ARM_GCC_541\Debug\u8x8_d_ssd1306_128x64_noname.o .\CortexM0\ARM_GCC_541\Debug\u8x8_d_ssd1309.o .\CortexM0\ARM_GCC_541\Debug\u8x8_d_ssd1322.o .\CortexM0\ARM_GCC_541\Debug\u8x8_d_ssd1325.o .\CortexM0\ARM_GCC_541\Debug\u8x8_d_ssd1326.o .\CortexM0\ARM_GCC_541\Debug\u8x8_d_ssd1327.o .\CortexM0\ARM_GCC_541\Debug\u8x8_d_ssd1329.o .\CortexM0\ARM_GCC_541\Debug\u8x8_d_ssd1606_172x72.o .\CortexM0\ARM_GCC_541\Debug\u8x8_d_ssd1607_200x200.o .\CortexM0\ARM_GCC_541\Debug\u8x8_d_st7565.o .\CortexM0\ARM_GCC_541\Debug\u8x8_d_st7567.o .\CortexM0\ARM_GCC_541\Debug\u8x8_d_st7588.o .\CortexM0\ARM_GCC_541\Debug\u8x8_d_st7920.o .\CortexM0\ARM_GCC_541\Debug\u8x8_d_st75256.o .\CortexM0\ARM_GCC_541\Debug\u8x8_d_stdio.o .\CortexM0\ARM_GCC_541\Debug\u8x8_d_t6963.o .\CortexM0\ARM_GCC_541\Debug\u8x8_d_uc1601.o .\CortexM0\ARM_GCC_541\Debug\u8x8_d_uc1604.o .\CortexM0\ARM_GCC_541\Debug\u8x8_d_uc1608.o .\CortexM0\ARM_GCC_541\Debug\u8x8_d_uc1610.o .\CortexM0\ARM_GCC_541\Debug\u8x8_d_uc1611.o .\CortexM0\ARM_GCC_541\Debug\u8x8_d_uc1617.o .\CortexM0\ARM_GCC_541\Debug\u8x8_d_uc1638.o .\CortexM0\ARM_GCC_541\Debug\u8x8_d_uc1701_dogs102.o .\CortexM0\ARM_GCC_541\Debug\u8x8_d_uc1701_mini12864.o .\CortexM0\ARM_GCC_541\Debug\u8x8_debounce.o .\CortexM0\ARM_GCC_541\Debug\u8x8_display.o .\CortexM0\ARM_GCC_541\Debug\u8x8_fonts.o .\CortexM0\ARM_GCC_541\Debug\u8x8_gpio.o .\CortexM0\ARM_GCC_541\Debug\u8x8_input_value.o .\CortexM0\ARM_GCC_541\Debug\u8x8_message.o .\CortexM0\ARM_GCC_541\Debug\u8x8_selection_list.o .\CortexM0\ARM_GCC_541\Debug\u8x8_setup.o .\CortexM0\ARM_GCC_541\Debug\u8x8_string.o .\CortexM0\ARM_GCC_541\Debug\u8x8_u8toa.o .\CortexM0\ARM_GCC_541\Debug\u8x8_u16toa.o .\CortexM0\ARM_GCC_541\Debug\main.o .\CortexM0\ARM_GCC_541\Debug\debugUart.o .\CortexM0\ARM_GCC_541\Debug\console.o .\CortexM0\ARM_GCC_541\Debug\utilities.o .\CortexM0\ARM_GCC_541\Debug\eeprom.o .\CortexM0\ARM_GCC_541\Debug\cyfitter_cfg.o .\CortexM0\ARM_GCC_541\Debug\cymetadata.o .\CortexM0\ARM_GCC_541\Debug\Cm0Start.o .\CortexM0\ARM_GCC_541\Debug\LCD128x64.a -mcpu=cortex-m0 -mthumb -L Generated_Source\PSoC4 -Wl,-Map,.\CortexM0\ARM_GCC_541\Debug/LCD128x64.map -T Generated_Source\PSoC4\cm0gcc.ld -specs=nano.specs -Wl,--gc-sections -g -ffunction-sections -finline-functions -Og -flto -ffat-lto-objects -Wl,--end-group
cyelftool.exe -C C:\Users\john.schoenberger\Documents\PSoC_Creator\LCD\Workspace01\LCD128x64.cydsn\CortexM0\ARM_GCC_541\Debug\LCD128x64.elf --flash_row_size 128 --flash_size 32768 --flash_offset 0x00000000
No ELF section .cychecksum found, creating one
Application checksum calculated and stored in ELF section .cychecksum
Checksum calculated and stored in ELF section .cymeta
cyelftool.exe -S C:\Users\john.schoenberger\Documents\PSoC_Creator\LCD\Workspace01\LCD128x64.cydsn\CortexM0\ARM_GCC_541\Debug\LCD128x64.elf
Flash used: 13390 of 32768 bytes (40.9 %).
SRAM used: 1720 of 4096 bytes (42.0 %). Stack: 1024 bytes. Heap: 128 bytes.
--------------- Build Succeeded: 07/04/2019 19:46:54 ---------------
